<?xml version="1.0" encoding="UTF-8"?>
<!-- Generated by org.testng.reporters.JUnitReportReporter -->
<testsuite hostname="LAPTOP-5025VGK9" failures="0" tests="3" name="testNG.Class2" time="0.003" errors="0" timestamp="2022-04-24T18:15:25 IST" skipped="0">
  <testcase classname="testNG.Class2" name="deleteVendor" time="0.001"/>
  <system-out/>
  <testcase classname="testNG.Class2" name="deleteProduct" time="0.001"/>
  <system-out/>
  <testcase classname="testNG.Class2" name="deleteCurrency" time="0.001"/>
  <system-out/>
</testsuite> <!-- testNG.Class2 -->
