<?xml version="1.0" encoding="UTF-8"?>
<!-- Generated by org.testng.reporters.JUnitReportReporter -->
<testsuite hostname="LAPTOP-5025VGK9" failures="0" tests="1" name="testNG.TestAssertionMethod" time="0.009" errors="0" timestamp="2022-04-26T21:51:55 IST" skipped="0">
  <testcase classname="testNG.TestAssertionMethod" name="Assertion" time="0.009"/>
  <system-out/>
</testsuite> <!-- testNG.TestAssertionMethod -->
