<?xml version="1.0" encoding="UTF-8"?>
<!-- Generated by org.testng.reporters.JUnitReportReporter -->
<testsuite hostname="LAPTOP-5025VGK9" failures="0" tests="2" name="testNG.BeforeClassAfterClass" time="12.264" errors="0" timestamp="2022-04-24T15:56:36 IST" skipped="0">
  <testcase classname="testNG.BeforeClassAfterClass" name="verifyGoogleTitle" time="7.385"/>
  <system-out/>
  <testcase classname="testNG.BeforeClassAfterClass" name="verifyRediffTitle" time="4.879"/>
  <system-out/>
</testsuite> <!-- testNG.BeforeClassAfterClass -->
