<?xml version="1.0" encoding="UTF-8"?>
<!-- Generated by org.testng.reporters.JUnitReportReporter -->
<testsuite hostname="LAPTOP-5025VGK9" failures="0" tests="6" name="testNG.DataProviderTestNG" time="152.777" errors="0" timestamp="2022-04-28T22:36:11 IST" skipped="0">
  <testcase classname="testNG.DataProviderTestNG" name="loginTest" time="38.666"/>
  <system-out/>
  <testcase classname="testNG.DataProviderTestNG" name="loginTest" time="17.367"/>
  <system-out/>
  <testcase classname="testNG.DataProviderTestNG" name="loginTest" time="17.742"/>
  <system-out/>
  <testcase classname="testNG.DataProviderTestNG" name="loginTest" time="25.711"/>
  <system-out/>
  <testcase classname="testNG.DataProviderTestNG" name="loginTest" time="14.127"/>
  <system-out/>
  <testcase classname="testNG.DataProviderTestNG" name="loginTest" time="39.164"/>
  <system-out/>
</testsuite> <!-- testNG.DataProviderTestNG -->
