<?xml version="1.0" encoding="UTF-8"?>
<!-- Generated by org.testng.reporters.JUnitReportReporter -->
<testsuite hostname="LAPTOP-5025VGK9" failures="0" tests="1" name="testNG.TestAssertion" time="0.008" errors="0" timestamp="2022-04-26T22:05:04 IST" skipped="0">
  <testcase classname="testNG.TestAssertion" name="Assertion" time="0.008"/>
  <system-out/>
</testsuite> <!-- testNG.TestAssertion -->
