<?xml version="1.0" encoding="UTF-8"?>
<!-- Generated by org.testng.reporters.JUnitReportReporter -->
<testsuite hostname="LAPTOP-5025VGK9" failures="0" tests="3" name="testNG.Class1" time="0.011" errors="0" timestamp="2022-04-24T18:15:25 IST" skipped="0">
  <testcase classname="testNG.Class1" name="addVendor" time="0.003"/>
  <system-out/>
  <testcase classname="testNG.Class1" name="addProduct" time="0.002"/>
  <system-out/>
  <testcase classname="testNG.Class1" name="addCurrency" time="0.006"/>
  <system-out/>
</testsuite> <!-- testNG.Class1 -->
