<?xml version="1.0" encoding="UTF-8"?>
<!-- Generated by org.testng.reporters.JUnitReportReporter -->
<testsuite hostname="LAPTOP-5025VGK9" failures="0" tests="2" name="testNG.BeforeMethodAfterMethod" time="30.250" errors="0" timestamp="2022-04-24T14:45:07 IST" skipped="0">
  <testcase classname="testNG.BeforeMethodAfterMethod" name="verifyGoogleTitle" time="14.522"/>
  <system-out/>
  <testcase classname="testNG.BeforeMethodAfterMethod" name="verifyRediffTitle" time="15.728"/>
  <system-out/>
</testsuite> <!-- testNG.BeforeMethodAfterMethod -->
